[12:28:37] [main/INFO] (FabricLoader/GameProvider) Loading Minecraft 1.21.1 with Fabric Loader 0.16.14
[12:28:38] [main/INFO] (FabricLoader) Loading 60 mods:
	- architectury 13.0.6
	- cloth-basic-math 0.6.1
	- cloth-config 15.0.130
	- error_notifier 1.0.11
	- fabric-api 0.115.6+1.21.1
	- fabric-api-base 0.4.42+6573ed8cd1
	- fabric-api-lookup-api-v1 1.6.70+b559734419
	- fabric-biome-api-v1 13.0.31+d527f9fd19
	- fabric-block-api-v1 1.0.22+0af3f5a719
	- fabric-block-view-api-v2 1.0.11+ebb2264e19
	- fabric-blockrenderlayer-v1 1.1.52+0af3f5a719
	- fabric-client-tags-api-v1 1.1.15+6573ed8cd1
	- fabric-command-api-v1 1.2.49+f71b366fd1
	- fabric-command-api-v2 2.2.28+6ced4dd919
	- fabric-commands-v0 0.2.66+df3654b319
	- fabric-content-registries-v0 8.0.18+b559734419
	- fabric-convention-tags-v1 2.1.4+7f945d5b19
	- fabric-convention-tags-v2 2.11.0+a406e79519
	- fabric-crash-report-info-v1 0.2.29+0af3f5a719
	- fabric-data-attachment-api-v1 1.4.3+a15b7ead19
	- fabric-data-generation-api-v1 20.2.28+16c4ae2519
	- fabric-dimensions-v1 4.0.0+6fc22b9919
	- fabric-entity-events-v1 1.7.0+2122d82819
	- fabric-events-interaction-v0 0.7.13+ba9dae0619
	- fabric-game-rule-api-v1 1.0.53+6ced4dd919
	- fabric-gametest-api-v1 2.0.5+6fc22b9919
	- fabric-item-api-v1 11.1.1+d5debaed19
	- fabric-item-group-api-v1 4.1.7+def88e3a19
	- fabric-key-binding-api-v1 1.0.47+0af3f5a719
	- fabric-keybindings-v0 0.2.45+df3654b319
	- fabric-lifecycle-events-v1 2.5.0+01d9a51c19
	- fabric-loot-api-v2 3.0.15+3f89f5a519
	- fabric-loot-api-v3 1.0.3+3f89f5a519
	- fabric-message-api-v1 6.0.13+6573ed8cd1
	- fabric-model-loading-api-v1 2.0.0+fe474d6bd1
	- fabric-networking-api-v1 4.3.0+c7469b2119
	- fabric-object-builder-api-v1 15.2.1+40875a9319
	- fabric-particles-v1 4.0.2+6573ed8cd1
	- fabric-recipe-api-v1 5.0.14+248df81c19
	- fabric-registry-sync-v0 5.2.0+34f5d91419
	- fabric-renderer-api-v1 3.4.0+c705a49cd1
	- fabric-renderer-indigo 1.7.0+c705a49cd1
	- fabric-renderer-registries-v1 3.2.68+df3654b319
	- fabric-rendering-data-attachment-v1 0.3.49+73761d2e19
	- fabric-rendering-fluids-v1 3.1.6+1daea21519
	- fabric-rendering-v0 1.1.71+df3654b319
	- fabric-rendering-v1 5.0.5+df16efd019
	- fabric-resource-conditions-api-v1 4.3.0+8dc279b119
	- fabric-resource-loader-v0 1.3.1+5b5275af19
	- fabric-screen-api-v1 2.0.25+8b68f1c719
	- fabric-screen-handler-api-v1 1.3.88+b559734419
	- fabric-sound-api-v1 1.0.23+6573ed8cd1
	- fabric-transfer-api-v1 5.4.2+c24bd99419
	- fabric-transitive-access-wideners-v1 6.2.0+45b9699719
	- fabricloader 0.16.14
	- java 21
	- minecraft 1.21.1
	- mixinextras 0.4.1
	- peony 1.0.0
	- roughlyenoughitems 16.0.799
[12:28:38] [main/INFO] (FabricLoader/Mixin) SpongePowered MIXIN Subsystem Version=0.8.7 Source=file:/C:/Users/lenovo/.gradle/caches/modules-2/files-2.1/net.fabricmc/sponge-mixin/0.15.5+mixin.0.8.7/22f9eb729e216a091673a574a5906dc1b9027fb3/sponge-mixin-0.15.5+mixin.0.8.7.jar Service=Knot/Fabric Env=CLIENT
[12:28:38] [main/INFO] (FabricLoader/Mixin) Loaded Fabric development mappings for mixin remapper!
[12:28:38] [main/INFO] (FabricLoader/Mixin) Compatibility level set to JAVA_17
[12:28:38] [main/INFO] (FabricLoader/Mixin) Compatibility level set to JAVA_21
[12:28:39] [main/INFO] (FabricLoader/MixinExtras|Service) Initializing MixinExtras via com.llamalad7.mixinextras.service.MixinExtrasServiceImpl(version=0.4.1).
[12:28:40] [Datafixer Bootstrap/INFO] (Minecraft) 226 Datafixer optimizations took 274 milliseconds
[12:28:44] [Render thread/INFO] (Minecraft) Environment: Environment[sessionHost=https://sessionserver.mojang.com, servicesHost=https://api.minecraftservices.com, name=PROD]
[12:28:44] [Render thread/INFO] (Minecraft) Setting user: Player171
[12:28:44] [Render thread/INFO] (REI) [REI] Config loaded
[12:28:44] [Render thread/INFO] (NetworkManagerImpl) Registering S2C receiver with id roughlyenoughitems:request_tags_s2c
[12:28:44] [Render thread/INFO] (NetworkManagerImpl) Registering C2S receiver with id roughlyenoughitems:request_tags_c2s
[12:28:44] [Render thread/INFO] (REI) [REI] Registered plugin provider DefaultPlugin [roughlyenoughitems] for REIPlugin
[12:28:44] [Render thread/INFO] (REI) [REI] Registered plugin provider DefaultRuntimePlugin [roughlyenoughitems] for REIPlugin
[12:28:44] [Render thread/INFO] (REI) [REI] Registered plugin provider DefaultClientPlugin [roughlyenoughitems] for REIPlugin
[12:28:44] [Render thread/INFO] (REI) [REI] Registered plugin provider DefaultClientRuntimePlugin [roughlyenoughitems] for REIPlugin
[12:28:44] [Render thread/INFO] (REI) [REI] Registered plugin provider HideIngredientsFromTagsPlugin [roughlyenoughitems] for REIPlugin
[12:28:44] [Render thread/INFO] (REI) [REI] Registered plugin provider PeonyREISupport [peony] for REIPlugin
[12:28:44] [Render thread/INFO] (REI) [REI] Registered plugin provider DefaultPlugin [roughlyenoughitems] for REIServerPlugin
[12:28:44] [Render thread/INFO] (REI) [REI] Registered plugin provider DefaultRuntimePlugin [roughlyenoughitems] for REIServerPlugin
[12:28:44] [Render thread/INFO] (REI) [REI] Registered plugin provider FabricFluidAPISupportPlugin for REIServerPlugin
[12:28:44] [Render thread/INFO] (REI) [REI] Registered plugin provider FabricFluidAPISupportPlugin for REIPlugin
[12:28:44] [Render thread/INFO] (NetworkManagerImpl) Registering C2S receiver with id roughlyenoughitems:delete_item
[12:28:44] [Render thread/INFO] (NetworkManagerImpl) Registering C2S receiver with id roughlyenoughitems:create_item
[12:28:44] [Render thread/INFO] (NetworkManagerImpl) Registering C2S receiver with id roughlyenoughitems:create_item_grab
[12:28:44] [Render thread/INFO] (NetworkManagerImpl) Registering C2S receiver with id roughlyenoughitems:create_item_hotbar
[12:28:44] [Render thread/INFO] (NetworkManagerImpl) Registering C2S receiver with id roughlyenoughitems:move_items
[12:28:44] [Render thread/INFO] (NetworkManagerImpl) Registering C2S receiver with id roughlyenoughitems:move_items_new
[12:28:44] [Render thread/INFO] (peony) Hello Fabric world!
[12:28:44] [Render thread/INFO] (Indigo) [Indigo] Registering Indigo renderer!
[12:28:44] [Render thread/INFO] (NetworkManagerImpl) Registering S2C receiver with id architectury:spawn_entity_packet
[12:28:44] [Render thread/INFO] (REI) [REI] Registered plugin provider DefaultClientPlugin [roughlyenoughitems] for REIClientPlugin
[12:28:44] [Render thread/INFO] (REI) [REI] Registered plugin provider DefaultClientRuntimePlugin [roughlyenoughitems] for REIClientPlugin
[12:28:44] [Render thread/INFO] (REI) [REI] Registered plugin provider HideIngredientsFromTagsPlugin [roughlyenoughitems] for REIClientPlugin
[12:28:44] [Render thread/INFO] (REI) [REI] Registered plugin provider PeonyREISupport [peony] for REIClientPlugin
[12:28:44] [Render thread/INFO] (NetworkManagerImpl) Registering S2C receiver with id roughlyenoughitems:ci_msg
[12:28:44] [Render thread/INFO] (NetworkManagerImpl) Registering S2C receiver with id roughlyenoughitems:og_not_enough
[12:28:44] [Render thread/INFO] (GameNetworking) Registering S2C receiver with id peony:item_stack_sync
[12:28:44] [Render thread/INFO] (FabricDataGenHelper) Running data generator for peony
[12:28:45] [Render thread/INFO] (Minecraft) Starting provider: Peony/Model Definitions
[12:28:45] [Render thread/INFO] (Minecraft) Peony/Model Definitions finished after 29 ms
[12:28:45] [Render thread/INFO] (Minecraft) Starting provider: Peony/Language (en_us)
[12:28:45] [Render thread/INFO] (Minecraft) Peony/Language (en_us) finished after 0 ms
[12:28:45] [Render thread/INFO] (Minecraft) Starting provider: Peony/Language (zh_cn)
[12:28:45] [Render thread/INFO] (Minecraft) Peony/Language (zh_cn) finished after 0 ms
[12:28:45] [Render thread/INFO] (Minecraft) Starting provider: Peony/Tags for minecraft:block
[12:28:45] [Render thread/INFO] (Minecraft) Peony/Tags for minecraft:block finished after 6 ms
[12:28:45] [Render thread/INFO] (Minecraft) Starting provider: Peony/Block Loot Tables
[12:28:45] [Render thread/INFO] (Minecraft) Peony/Block Loot Tables finished after 8 ms
[12:28:45] [Render thread/INFO] (Minecraft) Starting provider: Peony/Recipes
[12:28:45] [Render thread/INFO] (Minecraft) Peony/Recipes finished after 21 ms
[12:28:45] [Render thread/INFO] (Minecraft) All providers took: 68 ms
[12:28:45] [Render thread/INFO] (Minecraft) Caching: total files: 82, old count: 82, new count: 69, removed stale: 14, written: 7
